2020-02-20 17:16:16,417 From /home/benjy/.local/lib/python3.6/site-packages/tensorflow/python/ops/init_ops.py:1251: calling VarianceScaling.__init__ (from tensorflow.python.ops.init_ops) with dtype is deprecated and will be removed in a future version.
Instructions for updating:
Call initializer instance with the dtype argument instead of passing it to the constructor
2020-02-20 17:16:16,438 0: ----------------------
2020-02-20 17:16:16,438 Action taken - [0.0, 10]
2020-02-20 17:16:16,438 New State - [0.0, 2.5]
2020-02-20 17:16:16,439 0: ----------------------
2020-02-20 17:16:16,439 Action taken - [-6.666666666666668, -10]
2020-02-20 17:16:16,439 New State - [-1.666666666666667, -2.5]
2020-02-20 17:16:16,440 0: ----------------------
2020-02-20 17:16:16,440 Action taken - [-3.333333333333334, 0]
2020-02-20 17:16:16,440 New State - [-0.8333333333333335, 0.0]
2020-02-20 17:16:16,440 0: ----------------------
2020-02-20 17:16:16,440 Action taken - [16.666666666666664, 0]
2020-02-20 17:16:16,440 New State - [4.166666666666666, 0.0]
2020-02-20 17:16:16,440 0: ----------------------
2020-02-20 17:16:16,440 Action taken - [6.666666666666668, 0]
2020-02-20 17:16:16,441 New State - [1.666666666666667, 0.0]
2020-02-20 17:16:16,441 0: ----------------------
2020-02-20 17:16:16,441 Action taken - [6.666666666666668, 0]
2020-02-20 17:16:16,441 New State - [1.666666666666667, 0.0]
2020-02-20 17:16:16,441 0: ----------------------
2020-02-20 17:16:16,441 Action taken - [-6.666666666666668, -10]
2020-02-20 17:16:16,441 New State - [-1.666666666666667, -2.5]
2020-02-20 17:16:16,442 0: ----------------------
2020-02-20 17:16:16,442 Action taken - [10.0, 10]
2020-02-20 17:16:16,442 New State - [2.5, 2.5]
2020-02-20 17:16:16,442 0: ----------------------
2020-02-20 17:16:16,442 Action taken - [16.666666666666664, 0]
2020-02-20 17:16:16,442 New State - [4.166666666666666, 0.0]
2020-02-20 17:16:16,975 0: ----------------------
2020-02-20 17:16:16,975 Action taken - [6.666666666666668, 0]
2020-02-20 17:16:16,975 New State - [1.666666666666667, 0.0]
2020-02-20 17:16:17,016 0: ----------------------
2020-02-20 17:16:17,017 Action taken - [10.0, 10]
2020-02-20 17:16:17,017 New State - [2.5, 2.5]
2020-02-20 17:16:17,050 0: ----------------------
2020-02-20 17:16:17,050 Action taken - [3.3333333333333326, -10]
2020-02-20 17:16:17,050 New State - [0.8333333333333331, -2.5]
2020-02-20 17:16:17,083 0: ----------------------
2020-02-20 17:16:17,083 Action taken - [10.0, 10]
2020-02-20 17:16:17,083 New State - [2.5, 2.5]
2020-02-20 17:16:17,114 0: ----------------------
2020-02-20 17:16:17,114 Action taken - [13.333333333333336, -10]
2020-02-20 17:16:17,114 New State - [3.333333333333334, -2.5]
2020-02-20 17:16:17,152 0: ----------------------
2020-02-20 17:16:17,152 Action taken - [13.333333333333336, -10]
2020-02-20 17:16:17,152 New State - [3.333333333333334, -2.5]
2020-02-20 17:16:17,186 0: ----------------------
2020-02-20 17:16:17,187 Action taken - [-3.333333333333334, 0]
2020-02-20 17:16:17,187 New State - [-0.8333333333333335, 0.0]
2020-02-20 17:16:17,217 0: ----------------------
2020-02-20 17:16:17,217 Action taken - [-10.0, 10]
2020-02-20 17:16:17,218 New State - [-2.5, 2.5]
2020-02-20 17:16:17,259 0: ----------------------
2020-02-20 17:16:17,259 Action taken - [6.666666666666668, 0]
2020-02-20 17:16:17,259 New State - [1.666666666666667, 0.0]
2020-02-20 17:16:17,292 0: ----------------------
2020-02-20 17:16:17,292 Action taken - [-10.0, 10]
2020-02-20 17:16:17,292 New State - [-2.5, 2.5]
2020-02-20 17:16:17,340 0: ----------------------
2020-02-20 17:16:17,340 Action taken - [0.0, 10]
2020-02-20 17:16:17,340 New State - [0.0, 2.5]
2020-02-20 17:16:17,377 0: ----------------------
2020-02-20 17:16:17,377 Action taken - [-6.666666666666668, -10]
2020-02-20 17:16:17,377 New State - [-1.666666666666667, -2.5]
2020-02-20 17:16:17,404 0: ----------------------
2020-02-20 17:16:17,404 Action taken - [3.3333333333333326, -10]
2020-02-20 17:16:17,405 New State - [0.8333333333333331, -2.5]
2020-02-20 17:16:17,443 0: ----------------------
2020-02-20 17:16:17,443 Action taken - [6.666666666666668, 0]
2020-02-20 17:16:17,443 New State - [1.666666666666667, 0.0]
2020-02-20 17:16:17,472 0: ----------------------
2020-02-20 17:16:17,472 Action taken - [0.0, 10]
2020-02-20 17:16:17,472 New State - [0.0, 2.5]
2020-02-20 17:16:17,506 0: ----------------------
2020-02-20 17:16:17,506 Action taken - [10.0, 10]
2020-02-20 17:16:17,506 New State - [2.5, 2.5]
2020-02-20 17:16:17,537 0: ----------------------
2020-02-20 17:16:17,537 Action taken - [3.3333333333333326, -10]
2020-02-20 17:16:17,537 New State - [0.8333333333333331, -2.5]
2020-02-20 17:16:17,571 0: ----------------------
2020-02-20 17:16:17,571 Action taken - [6.666666666666668, 0]
2020-02-20 17:16:17,571 New State - [1.666666666666667, 0.0]
2020-02-20 17:16:17,602 0: ----------------------
2020-02-20 17:16:17,602 Action taken - [13.333333333333336, -10]
2020-02-20 17:16:17,602 New State - [3.333333333333334, -2.5]
2020-02-20 17:16:17,636 0: ----------------------
2020-02-20 17:16:17,636 Action taken - [13.333333333333336, -10]
2020-02-20 17:16:17,636 New State - [3.333333333333334, -2.5]
2020-02-20 17:16:17,669 0: ----------------------
2020-02-20 17:16:17,669 Action taken - [-10.0, 10]
2020-02-20 17:16:17,669 New State - [-2.5, 2.5]
2020-02-20 17:16:17,698 0: ----------------------
2020-02-20 17:16:17,698 Action taken - [13.333333333333336, -10]
2020-02-20 17:16:17,698 New State - [3.333333333333334, -2.5]
2020-02-20 17:16:17,726 0: ----------------------
2020-02-20 17:16:17,727 Action taken - [-6.666666666666668, -10]
2020-02-20 17:16:17,727 New State - [-1.666666666666667, -2.5]
2020-02-20 17:16:17,756 0: ----------------------
2020-02-20 17:16:17,756 Action taken - [3.3333333333333326, -10]
2020-02-20 17:16:17,756 New State - [0.8333333333333331, -2.5]
2020-02-20 17:16:17,789 0: ----------------------
2020-02-20 17:16:17,789 Action taken - [6.666666666666668, 0]
2020-02-20 17:16:17,789 New State - [1.666666666666667, 0.0]
2020-02-20 17:16:17,818 0: ----------------------
2020-02-20 17:16:17,818 Action taken - [3.3333333333333326, -10]
2020-02-20 17:16:17,818 New State - [0.8333333333333331, -2.5]
2020-02-20 17:16:17,849 0: ----------------------
2020-02-20 17:16:17,849 Action taken - [6.666666666666668, 0]
2020-02-20 17:16:17,849 New State - [1.666666666666667, 0.0]
2020-02-20 17:16:17,882 0: ----------------------
2020-02-20 17:16:17,882 Action taken - [-10.0, 10]
2020-02-20 17:16:17,882 New State - [-2.5, 2.5]
2020-02-20 17:16:17,910 0: ----------------------
2020-02-20 17:16:17,910 Action taken - [3.3333333333333326, -10]
2020-02-20 17:16:17,910 New State - [0.8333333333333331, -2.5]
2020-02-20 17:16:17,939 0: ----------------------
2020-02-20 17:16:17,939 Action taken - [-10.0, 10]
2020-02-20 17:16:17,940 New State - [-2.5, 2.5]
2020-02-20 17:16:17,972 0: ----------------------
2020-02-20 17:16:17,972 Action taken - [-10.0, 10]
2020-02-20 17:16:17,972 New State - [-2.5, 2.5]
2020-02-20 17:16:18,002 0: ----------------------
2020-02-20 17:16:18,003 Action taken - [6.666666666666668, 0]
2020-02-20 17:16:18,003 New State - [1.666666666666667, 0.0]
2020-02-20 17:16:18,038 0: ----------------------
2020-02-20 17:16:18,038 Action taken - [10.0, 10]
2020-02-20 17:16:18,038 New State - [2.5, 2.5]
2020-02-20 17:16:18,067 0: ----------------------
2020-02-20 17:16:18,067 Action taken - [-3.333333333333334, 0]
2020-02-20 17:16:18,067 New State - [-0.8333333333333335, 0.0]
2020-02-20 17:16:18,099 0: ----------------------
2020-02-20 17:16:18,100 Action taken - [0.0, 10]
2020-02-20 17:16:18,100 New State - [0.0, 2.5]
2020-02-20 17:16:18,129 0: ----------------------
2020-02-20 17:16:18,129 Action taken - [-10.0, 10]
2020-02-20 17:16:18,129 New State - [-2.5, 2.5]
2020-02-20 17:16:18,160 0: ----------------------
2020-02-20 17:16:18,160 Action taken - [16.666666666666664, 0]
2020-02-20 17:16:18,160 New State - [4.166666666666666, 0.0]
2020-02-20 17:16:18,194 0: ----------------------
2020-02-20 17:16:18,195 Action taken - [16.666666666666664, 0]
2020-02-20 17:16:18,195 New State - [4.166666666666666, 0.0]
2020-02-20 17:16:18,227 0: ----------------------
2020-02-20 17:16:18,227 Action taken - [-6.666666666666668, -10]
2020-02-20 17:16:18,227 New State - [-1.666666666666667, -2.5]
2020-02-20 17:16:18,260 0: ----------------------
2020-02-20 17:16:18,261 Action taken - [0.0, 10]
2020-02-20 17:16:18,261 New State - [0.0, 2.5]
2020-02-20 17:16:18,289 0: ----------------------
2020-02-20 17:16:18,289 Action taken - [-6.666666666666668, -10]
2020-02-20 17:16:18,289 New State - [-1.666666666666667, -2.5]
